<?xml version="1.0" encoding="UTF-8"?>
<!-- Generated by org.testng.reporters.JUnitReportReporter -->
<testsuite hostname="DESKTOP-K5BQM8C" failures="0" tests="1" name="testng.Datadriventest" time="6.609" errors="0" timestamp="2024-08-27T21:35:37 PDT" skipped="0">
  <testcase classname="testng.Datadriventest" name="test" time="6.609"/>
  <system-out/>
</testsuite> <!-- testng.Datadriventest -->
