<?xml version="1.0" encoding="UTF-8"?>
<!-- Generated by org.testng.reporters.JUnitReportReporter -->
<testsuite hostname="DESKTOP-K5BQM8C" failures="0" tests="1" name="testng.Rishi" time="6.460" errors="0" timestamp="2024-08-18T21:32:45 PDT" skipped="0">
  <testcase classname="testng.Rishi" name="test" time="6.460"/>
  <system-out/>
</testsuite> <!-- testng.Rishi -->
