<?xml version="1.0" encoding="UTF-8"?>
<!-- Generated by org.testng.reporters.JUnitReportReporter -->
<testsuite hostname="DESKTOP-K5BQM8C" failures="0" tests="1" name="testng.Gurusite$Copypaste" time="0.700" errors="0" timestamp="2024-08-15T21:04:39 PDT" skipped="0">
  <testcase classname="testng.Gurusite$Copypaste" name="test" time="0.700"/>
  <system-out/>
</testsuite> <!-- testng.Gurusite$Copypaste -->
