<?xml version="1.0" encoding="UTF-8"?>
<!-- Generated by org.testng.reporters.JUnitReportReporter -->
<testsuite hostname="DESKTOP-K5BQM8C" failures="0" tests="1" name="testng.Loginfb" time="0.260" errors="0" timestamp="2024-09-04T03:16:48 PDT" skipped="0">
  <testcase classname="testng.Loginfb" name="test" time="0.260"/>
  <system-out/>
</testsuite> <!-- testng.Loginfb -->
