<?xml version="1.0" encoding="UTF-8"?>
<!-- Generated by org.testng.reporters.JUnitReportReporter -->
<testsuite hostname="DESKTOP-K5BQM8C" failures="0" tests="1" name="testng.Gurusite" time="0.533" errors="0" timestamp="2024-09-05T04:03:19 PDT" skipped="0">
  <testcase classname="testng.Gurusite" name="test" time="0.533"/>
  <system-out/>
</testsuite> <!-- testng.Gurusite -->
