<?xml version="1.0" encoding="UTF-8"?>
<!-- Generated by org.testng.reporters.JUnitReportReporter -->
<testsuite hostname="DESKTOP-K5BQM8C" failures="0" tests="1" name="testng.Selfpractkeyboardcopypaste" time="0.748" errors="0" timestamp="2024-09-05T03:18:28 PDT" skipped="0">
  <testcase classname="testng.Selfpractkeyboardcopypaste" name="test" time="0.748"/>
  <system-out/>
</testsuite> <!-- testng.Selfpractkeyboardcopypaste -->
