<?xml version="1.0" encoding="UTF-8"?>
<!-- Generated by org.testng.reporters.JUnitReportReporter -->
<testsuite hostname="DESKTOP-K5BQM8C" failures="0" tests="3" name="testng.Selfpractcrossbrowsertesting" time="6.213" errors="0" timestamp="2024-09-04T04:18:33 PDT" skipped="0">
  <testcase classname="testng.Selfpractcrossbrowsertesting" name="test" time="0.927"/>
  <system-out/>
  <testcase classname="testng.Selfpractcrossbrowsertesting" name="test" time="1.682"/>
  <system-out/>
  <testcase classname="testng.Selfpractcrossbrowsertesting" name="test" time="3.604"/>
  <system-out/>
</testsuite> <!-- testng.Selfpractcrossbrowsertesting -->
