<?xml version="1.0" encoding="UTF-8"?>
<!-- Generated by org.testng.reporters.JUnitReportReporter -->
<testsuite hostname="DESKTOP-K5BQM8C" failures="0" tests="1" name="testng.Selfpractgurusite" time="3.672" errors="0" timestamp="2024-09-05T04:34:20 PDT" skipped="0">
  <testcase classname="testng.Selfpractgurusite" name="test" time="3.672"/>
  <system-out/>
</testsuite> <!-- testng.Selfpractgurusite -->
