<?xml version="1.0" encoding="UTF-8"?>
<!-- Generated by org.testng.reporters.JUnitReportReporter -->
<testsuite hostname="DESKTOP-K5BQM8C" failures="0" tests="1" name="testng.Draganddrop" time="0.344" errors="0" timestamp="2024-09-05T04:37:18 PDT" skipped="0">
  <testcase classname="testng.Draganddrop" name="test" time="0.344"/>
  <system-out/>
</testsuite> <!-- testng.Draganddrop -->
