<?xml version="1.0" encoding="UTF-8"?>
<!-- Generated by org.testng.reporters.JUnitReportReporter -->
<testsuite hostname="DESKTOP-K5BQM8C" failures="0" tests="1" name="testng.Selfpractfbloginparamtristion" time="0.297" errors="0" timestamp="2024-09-04T03:32:58 PDT" skipped="0">
  <testcase classname="testng.Selfpractfbloginparamtristion" name="test" time="0.297"/>
  <system-out/>
</testsuite> <!-- testng.Selfpractfbloginparamtristion -->
