<?xml version="1.0" encoding="UTF-8"?>
<!-- Generated by org.testng.reporters.JUnitReportReporter -->
<testsuite hostname="DESKTOP-K5BQM8C" failures="0" tests="1" name="testng.Fileupload" time="3.360" errors="0" timestamp="2024-08-18T21:09:10 PDT" skipped="0">
  <testcase classname="testng.Fileupload" name="test" time="3.360"/>
  <system-out/>
</testsuite> <!-- testng.Fileupload -->
