<?xml version="1.0" encoding="UTF-8"?>
<!-- Generated by org.testng.reporters.JUnitReportReporter -->
<testsuite hostname="DESKTOP-K5BQM8C" failures="0" tests="1" name="testng.Mousehover" time="3.066" errors="0" timestamp="2024-08-18T21:36:34 PDT" skipped="0">
  <testcase classname="testng.Mousehover" name="test" time="3.066"/>
  <system-out/>
</testsuite> <!-- testng.Mousehover -->
