<?xml version="1.0" encoding="UTF-8"?>
<!-- Generated by org.testng.reporters.JUnitReportReporter -->
<testsuite hostname="DESKTOP-K5BQM8C" failures="0" tests="1" name="testng.Selfpractparameterisation" time="0.015" errors="0" timestamp="2024-09-04T02:43:35 PDT" skipped="0">
  <testcase classname="testng.Selfpractparameterisation" name="test" time="0.015"/>
  <system-out/>
</testsuite> <!-- testng.Selfpractparameterisation -->
