<?xml version="1.0" encoding="UTF-8"?>
<!-- Generated by org.testng.reporters.JUnitReportReporter -->
<testsuite hostname="DESKTOP-K5BQM8C" failures="0" tests="1" name="testng.Copypaste" time="0.585" errors="0" timestamp="2024-08-18T21:41:03 PDT" skipped="0">
  <testcase classname="testng.Copypaste" name="test" time="0.585"/>
  <system-out/>
</testsuite> <!-- testng.Copypaste -->
