<?xml version="1.0" encoding="UTF-8"?>
<!-- Generated by org.testng.reporters.JUnitReportReporter -->
<testsuite hostname="DESKTOP-K5BQM8C" failures="0" tests="1" name="testng.Newtabopen" time="3.620" errors="0" timestamp="2024-08-25T21:25:49 PDT" skipped="0">
  <testcase classname="testng.Newtabopen" name="test" time="3.620"/>
  <system-out/>
</testsuite> <!-- testng.Newtabopen -->
